Using pre-set license
Built from '2020.2/release' branch; Version is '2020.2.2f1 (068178b99f32) revision 426360'; Using compiler version '192528614'; Build Type 'Release'
OS: 'Windows 10 Home; OS build 19042.1415; Version 2009; 64bit' Language: 'en' Physical Memory: 16332 MB
BatchMode: 1, IsHumanControllingUs: 0, StartBugReporterOnCrash: 0, Is64bit: 1, IsPro: 0

 COMMAND LINE ARGUMENTS:
C:\Program Files\Unity\Hub\Editor\2020.2.2f1\Editor\Unity.exe
-adb2
-batchMode
-noUpm
-name
AssetImportWorker0
-projectPath
C:/Users/rickr/Downloads/UnityAssignment
-logFile
Logs/AssetImportWorker0.log
-srvPort
51073
Successfully changed project path to: C:/Users/rickr/Downloads/UnityAssignment
C:/Users/rickr/Downloads/UnityAssignment
Using Asset Import Pipeline V2.
Refreshing native plugins compatible for Editor in 27.53 ms, found 0 plugins.
Preloading 0 native plugins for Editor in 0.00 ms.
Initialize engine version: 2020.2.2f1 (068178b99f32)
[Subsystems] Discovering subsystems at path C:/Program Files/Unity/Hub/Editor/2020.2.2f1/Editor/Data/Resources/UnitySubsystems
[Subsystems] Discovering subsystems at path C:/Users/rickr/Downloads/UnityAssignment/Assets
GfxDevice: creating device client; threaded=0
Direct3D:
    Version:  Direct3D 11.0 [level 11.1]
    Renderer: NVIDIA GeForce RTX 2060 SUPER (ID=0x1f06)
    Vendor:   
    VRAM:     8031 MB
    Driver:   27.21.14.6589
Initialize mono
Mono path[0] = 'C:/Program Files/Unity/Hub/Editor/2020.2.2f1/Editor/Data/Managed'
Mono path[1] = 'C:/Program Files/Unity/Hub/Editor/2020.2.2f1/Editor/Data/MonoBleedingEdge/lib/mono/unityjit'
Mono config path = 'C:/Program Files/Unity/Hub/Editor/2020.2.2f1/Editor/Data/MonoBleedingEdge/etc'
Using monoOptions --debugger-agent=transport=dt_socket,embedding=1,server=y,suspend=n,address=127.0.0.1:56296
Begin MonoManager ReloadAssembly
Registering precompiled unity dll's ...
Register platform support module: C:/Program Files/Unity/Hub/Editor/2020.2.2f1/Editor/Data/PlaybackEngines/WindowsStandaloneSupport/UnityEditor.WindowsStandalone.Extensions.dll
Registered in 0.001801 seconds.
Native extension for WindowsStandalone target not found
Refreshing native plugins compatible for Editor in 31.84 ms, found 0 plugins.
Preloading 0 native plugins for Editor in 0.00 ms.
Invoked RoslynAnalysisRunner static constructor.
RoslynAnalysisRunner will not be running.
RoslynAnalysisRunner has terminated.
Mono: successfully reloaded assembly
- Completed reload, in  3.824 seconds
Platform modules already initialized, skipping
Registering precompiled user dll's ...
Registered in 0.000543 seconds.
Begin MonoManager ReloadAssembly
Native extension for WindowsStandalone target not found
Refreshing native plugins compatible for Editor in 29.15 ms, found 0 plugins.
Preloading 0 native plugins for Editor in 0.00 ms.
Invoked RoslynAnalysisRunner static constructor.
RoslynAnalysisRunner will not be running.
RoslynAnalysisRunner has terminated.
Mono: successfully reloaded assembly
- Completed reload, in  0.859 seconds
Platform modules already initialized, skipping
========================================================================
Worker process is ready to serve import requests
Launched and connected shader compiler UnityShaderCompiler.exe after 0.06 seconds
Refreshing native plugins compatible for Editor in 0.33 ms, found 0 plugins.
Preloading 0 native plugins for Editor in 0.00 ms.
Unloading 1402 Unused Serialized files (Serialized files now loaded: 0)
System memory in use before: 67.3 MB.
System memory in use after: 67.3 MB.

Unloading 11 unused Assets to reduce memory usage. Loaded Objects now: 1847.
Total: 2.024700 ms (FindLiveObjects: 0.198100 ms CreateObjectMapping: 0.032500 ms MarkObjects: 1.708500 ms  DeleteObjects: 0.084500 ms)

========================================================================
Received Import Request.
  path: Assets/Models/Ibb.controller
  artifactKey: Guid(41dd8ac1dc4ed0c48a5778de9a3c2176) Importer(815301076,1909f56bfc062723c751e8b465ee728b)
Start importing Assets/Models/Ibb.controller using Guid(41dd8ac1dc4ed0c48a5778de9a3c2176) Importer(815301076,1909f56bfc062723c751e8b465ee728b)  -> (artifact id: '06edb148994693506c4b1dbd64835ddd') in 0.038093 seconds
  Import took 0.041410 seconds .

========================================================================
Received Prepare
Registering precompiled user dll's ...
Registered in 0.000947 seconds.
Begin MonoManager ReloadAssembly
Native extension for WindowsStandalone target not found
Refreshing native plugins compatible for Editor in 0.61 ms, found 0 plugins.
Preloading 0 native plugins for Editor in 0.00 ms.
Invoked RoslynAnalysisRunner static constructor.
RoslynAnalysisRunner will not be running.
RoslynAnalysisRunner has terminated.
Mono: successfully reloaded assembly
- Completed reload, in  0.745 seconds
Platform modules already initialized, skipping
Refreshing native plugins compatible for Editor in 0.35 ms, found 0 plugins.
Preloading 0 native plugins for Editor in 0.00 ms.
Unloading 1396 Unused Serialized files (Serialized files now loaded: 0)
System memory in use before: 67.4 MB.
System memory in use after: 67.5 MB.

Unloading 4 unused Assets to reduce memory usage. Loaded Objects now: 1849.
Total: 2.000100 ms (FindLiveObjects: 0.206600 ms CreateObjectMapping: 0.031600 ms MarkObjects: 1.743900 ms  DeleteObjects: 0.017100 ms)

========================================================================
Received Import Request.
  Time since last request: 830.151385 seconds.
  path: Assets/Models/Ibb.controller
  artifactKey: Guid(41dd8ac1dc4ed0c48a5778de9a3c2176) Importer(815301076,1909f56bfc062723c751e8b465ee728b)
Start importing Assets/Models/Ibb.controller using Guid(41dd8ac1dc4ed0c48a5778de9a3c2176) Importer(815301076,1909f56bfc062723c751e8b465ee728b)  -> (artifact id: '0243cb786c96ead615f4c0aa242fb0c1') in 0.017021 seconds
  Import took 0.020570 seconds .

========================================================================
Received Prepare
Registering precompiled user dll's ...
Registered in 0.000747 seconds.
Begin MonoManager ReloadAssembly
Native extension for WindowsStandalone target not found
Refreshing native plugins compatible for Editor in 0.39 ms, found 0 plugins.
Preloading 0 native plugins for Editor in 0.00 ms.
Invoked RoslynAnalysisRunner static constructor.
RoslynAnalysisRunner will not be running.
RoslynAnalysisRunner has terminated.
Mono: successfully reloaded assembly
- Completed reload, in  0.768 seconds
Platform modules already initialized, skipping
Refreshing native plugins compatible for Editor in 0.38 ms, found 0 plugins.
Preloading 0 native plugins for Editor in 0.00 ms.
Unloading 1396 Unused Serialized files (Serialized files now loaded: 0)
System memory in use before: 67.5 MB.
System memory in use after: 67.6 MB.

Unloading 4 unused Assets to reduce memory usage. Loaded Objects now: 1851.
Total: 1.728400 ms (FindLiveObjects: 0.204700 ms CreateObjectMapping: 0.029400 ms MarkObjects: 1.479200 ms  DeleteObjects: 0.013800 ms)

========================================================================
Received Prepare
Registering precompiled user dll's ...
Registered in 0.000928 seconds.
Begin MonoManager ReloadAssembly
Native extension for WindowsStandalone target not found
Refreshing native plugins compatible for Editor in 0.32 ms, found 0 plugins.
Preloading 0 native plugins for Editor in 0.00 ms.
Invoked RoslynAnalysisRunner static constructor.
RoslynAnalysisRunner will not be running.
RoslynAnalysisRunner has terminated.
Mono: successfully reloaded assembly
- Completed reload, in  0.769 seconds
Platform modules already initialized, skipping
Refreshing native plugins compatible for Editor in 0.93 ms, found 0 plugins.
Preloading 0 native plugins for Editor in 0.00 ms.
Unloading 1396 Unused Serialized files (Serialized files now loaded: 0)
System memory in use before: 67.7 MB.
System memory in use after: 67.8 MB.

Unloading 4 unused Assets to reduce memory usage. Loaded Objects now: 1853.
Total: 1.910400 ms (FindLiveObjects: 0.197900 ms CreateObjectMapping: 0.031600 ms MarkObjects: 1.657600 ms  DeleteObjects: 0.022300 ms)

========================================================================
Received Prepare
Registering precompiled user dll's ...
Registered in 0.001052 seconds.
Begin MonoManager ReloadAssembly
Native extension for WindowsStandalone target not found
Refreshing native plugins compatible for Editor in 0.30 ms, found 0 plugins.
Preloading 0 native plugins for Editor in 0.00 ms.
Invoked RoslynAnalysisRunner static constructor.
RoslynAnalysisRunner will not be running.
RoslynAnalysisRunner has terminated.
Mono: successfully reloaded assembly
- Completed reload, in  0.796 seconds
Platform modules already initialized, skipping
Refreshing native plugins compatible for Editor in 0.32 ms, found 0 plugins.
Preloading 0 native plugins for Editor in 0.00 ms.
Unloading 1396 Unused Serialized files (Serialized files now loaded: 0)
System memory in use before: 67.8 MB.
System memory in use after: 67.9 MB.

Unloading 4 unused Assets to reduce memory usage. Loaded Objects now: 1855.
Total: 2.298700 ms (FindLiveObjects: 0.337800 ms CreateObjectMapping: 0.034200 ms MarkObjects: 1.904700 ms  DeleteObjects: 0.020300 ms)

========================================================================
Received Prepare
Registering precompiled user dll's ...
Registered in 0.000943 seconds.
Begin MonoManager ReloadAssembly
Native extension for WindowsStandalone target not found
Refreshing native plugins compatible for Editor in 0.32 ms, found 0 plugins.
Preloading 0 native plugins for Editor in 0.00 ms.
Invoked RoslynAnalysisRunner static constructor.
RoslynAnalysisRunner will not be running.
RoslynAnalysisRunner has terminated.
Mono: successfully reloaded assembly
- Completed reload, in  0.805 seconds
Platform modules already initialized, skipping
Refreshing native plugins compatible for Editor in 0.33 ms, found 0 plugins.
Preloading 0 native plugins for Editor in 0.00 ms.
Unloading 1396 Unused Serialized files (Serialized files now loaded: 0)
System memory in use before: 67.9 MB.
System memory in use after: 68.0 MB.

Unloading 4 unused Assets to reduce memory usage. Loaded Objects now: 1857.
Total: 2.380400 ms (FindLiveObjects: 0.434200 ms CreateObjectMapping: 0.036800 ms MarkObjects: 1.880700 ms  DeleteObjects: 0.027200 ms)

========================================================================
Received Prepare
Registering precompiled user dll's ...
Registered in 0.000848 seconds.
Begin MonoManager ReloadAssembly
Native extension for WindowsStandalone target not found
Refreshing native plugins compatible for Editor in 0.33 ms, found 0 plugins.
Preloading 0 native plugins for Editor in 0.00 ms.
Invoked RoslynAnalysisRunner static constructor.
RoslynAnalysisRunner will not be running.
RoslynAnalysisRunner has terminated.
Mono: successfully reloaded assembly
- Completed reload, in  0.812 seconds
Platform modules already initialized, skipping
Refreshing native plugins compatible for Editor in 0.40 ms, found 0 plugins.
Preloading 0 native plugins for Editor in 0.00 ms.
Unloading 1396 Unused Serialized files (Serialized files now loaded: 0)
System memory in use before: 68.0 MB.
System memory in use after: 68.1 MB.

Unloading 4 unused Assets to reduce memory usage. Loaded Objects now: 1859.
Total: 2.084500 ms (FindLiveObjects: 0.288700 ms CreateObjectMapping: 0.041000 ms MarkObjects: 1.737700 ms  DeleteObjects: 0.015700 ms)

========================================================================
Received Prepare
Registering precompiled user dll's ...
Registered in 0.000755 seconds.
Begin MonoManager ReloadAssembly
Native extension for WindowsStandalone target not found
Refreshing native plugins compatible for Editor in 0.33 ms, found 0 plugins.
Preloading 0 native plugins for Editor in 0.00 ms.
Invoked RoslynAnalysisRunner static constructor.
RoslynAnalysisRunner will not be running.
RoslynAnalysisRunner has terminated.
Mono: successfully reloaded assembly
- Completed reload, in  0.775 seconds
Platform modules already initialized, skipping
Refreshing native plugins compatible for Editor in 0.33 ms, found 0 plugins.
Preloading 0 native plugins for Editor in 0.00 ms.
Unloading 1396 Unused Serialized files (Serialized files now loaded: 0)
System memory in use before: 68.1 MB.
System memory in use after: 68.2 MB.

Unloading 4 unused Assets to reduce memory usage. Loaded Objects now: 1861.
Total: 2.505500 ms (FindLiveObjects: 0.395300 ms CreateObjectMapping: 0.053300 ms MarkObjects: 2.040000 ms  DeleteObjects: 0.015800 ms)

========================================================================
Received Prepare
Registering precompiled user dll's ...
Registered in 0.000976 seconds.
Begin MonoManager ReloadAssembly
Native extension for WindowsStandalone target not found
Refreshing native plugins compatible for Editor in 0.32 ms, found 0 plugins.
Preloading 0 native plugins for Editor in 0.00 ms.
Invoked RoslynAnalysisRunner static constructor.
RoslynAnalysisRunner will not be running.
RoslynAnalysisRunner has terminated.
Mono: successfully reloaded assembly
- Completed reload, in  0.795 seconds
Platform modules already initialized, skipping
Refreshing native plugins compatible for Editor in 0.62 ms, found 0 plugins.
Preloading 0 native plugins for Editor in 0.00 ms.
Unloading 1396 Unused Serialized files (Serialized files now loaded: 0)
System memory in use before: 68.3 MB.
System memory in use after: 68.4 MB.

Unloading 4 unused Assets to reduce memory usage. Loaded Objects now: 1863.
Total: 3.757600 ms (FindLiveObjects: 0.238400 ms CreateObjectMapping: 0.032800 ms MarkObjects: 3.465900 ms  DeleteObjects: 0.019000 ms)

========================================================================
Received Prepare
Registering precompiled user dll's ...
Registered in 0.001552 seconds.
Begin MonoManager ReloadAssembly
Native extension for WindowsStandalone target not found
Refreshing native plugins compatible for Editor in 0.58 ms, found 0 plugins.
Preloading 0 native plugins for Editor in 0.00 ms.
Invoked RoslynAnalysisRunner static constructor.
RoslynAnalysisRunner will not be running.
RoslynAnalysisRunner has terminated.
Mono: successfully reloaded assembly
- Completed reload, in  0.763 seconds
Platform modules already initialized, skipping
Refreshing native plugins compatible for Editor in 0.31 ms, found 0 plugins.
Preloading 0 native plugins for Editor in 0.00 ms.
Unloading 1396 Unused Serialized files (Serialized files now loaded: 0)
System memory in use before: 68.3 MB.
System memory in use after: 68.4 MB.

Unloading 4 unused Assets to reduce memory usage. Loaded Objects now: 1865.
Total: 2.752500 ms (FindLiveObjects: 0.317700 ms CreateObjectMapping: 0.128100 ms MarkObjects: 2.285100 ms  DeleteObjects: 0.020300 ms)

========================================================================
Received Prepare
Registering precompiled user dll's ...
Registered in 0.000950 seconds.
Begin MonoManager ReloadAssembly
Native extension for WindowsStandalone target not found
Refreshing native plugins compatible for Editor in 0.47 ms, found 0 plugins.
Preloading 0 native plugins for Editor in 0.00 ms.
Invoked RoslynAnalysisRunner static constructor.
RoslynAnalysisRunner will not be running.
RoslynAnalysisRunner has terminated.
Mono: successfully reloaded assembly
- Completed reload, in  0.894 seconds
Platform modules already initialized, skipping
Refreshing native plugins compatible for Editor in 0.33 ms, found 0 plugins.
Preloading 0 native plugins for Editor in 0.00 ms.
Unloading 1396 Unused Serialized files (Serialized files now loaded: 0)
System memory in use before: 68.5 MB.
System memory in use after: 68.6 MB.

Unloading 4 unused Assets to reduce memory usage. Loaded Objects now: 1867.
Total: 2.234300 ms (FindLiveObjects: 0.227200 ms CreateObjectMapping: 0.034100 ms MarkObjects: 1.953800 ms  DeleteObjects: 0.018200 ms)

========================================================================
Received Prepare
Registering precompiled user dll's ...
Registered in 0.000830 seconds.
Begin MonoManager ReloadAssembly
Native extension for WindowsStandalone target not found
Refreshing native plugins compatible for Editor in 0.82 ms, found 0 plugins.
Preloading 0 native plugins for Editor in 0.00 ms.
Invoked RoslynAnalysisRunner static constructor.
RoslynAnalysisRunner will not be running.
RoslynAnalysisRunner has terminated.
Mono: successfully reloaded assembly
- Completed reload, in  0.828 seconds
Platform modules already initialized, skipping
Refreshing native plugins compatible for Editor in 0.34 ms, found 0 plugins.
Preloading 0 native plugins for Editor in 0.00 ms.
Unloading 1396 Unused Serialized files (Serialized files now loaded: 0)
System memory in use before: 68.6 MB.
System memory in use after: 68.7 MB.

Unloading 4 unused Assets to reduce memory usage. Loaded Objects now: 1869.
Total: 2.841700 ms (FindLiveObjects: 0.217500 ms CreateObjectMapping: 0.034700 ms MarkObjects: 2.559400 ms  DeleteObjects: 0.028500 ms)

========================================================================
Received Prepare
Registering precompiled user dll's ...
Registered in 0.000992 seconds.
Begin MonoManager ReloadAssembly
Native extension for WindowsStandalone target not found
Refreshing native plugins compatible for Editor in 0.31 ms, found 0 plugins.
Preloading 0 native plugins for Editor in 0.00 ms.
Invoked RoslynAnalysisRunner static constructor.
RoslynAnalysisRunner will not be running.
RoslynAnalysisRunner has terminated.
Mono: successfully reloaded assembly
- Completed reload, in  0.796 seconds
Platform modules already initialized, skipping
Refreshing native plugins compatible for Editor in 0.80 ms, found 0 plugins.
Preloading 0 native plugins for Editor in 0.00 ms.
Unloading 1396 Unused Serialized files (Serialized files now loaded: 0)
System memory in use before: 68.7 MB.
System memory in use after: 68.8 MB.

Unloading 4 unused Assets to reduce memory usage. Loaded Objects now: 1871.
Total: 2.022000 ms (FindLiveObjects: 0.201600 ms CreateObjectMapping: 0.031500 ms MarkObjects: 1.774600 ms  DeleteObjects: 0.013100 ms)

========================================================================
Received Prepare
Registering precompiled user dll's ...
Registered in 0.001140 seconds.
Begin MonoManager ReloadAssembly
Native extension for WindowsStandalone target not found
Refreshing native plugins compatible for Editor in 0.34 ms, found 0 plugins.
Preloading 0 native plugins for Editor in 0.00 ms.
Invoked RoslynAnalysisRunner static constructor.
RoslynAnalysisRunner will not be running.
RoslynAnalysisRunner has terminated.
Mono: successfully reloaded assembly
- Completed reload, in  0.796 seconds
Platform modules already initialized, skipping
Refreshing native plugins compatible for Editor in 0.30 ms, found 0 plugins.
Preloading 0 native plugins for Editor in 0.00 ms.
Unloading 1396 Unused Serialized files (Serialized files now loaded: 0)
System memory in use before: 68.8 MB.
System memory in use after: 68.9 MB.

Unloading 4 unused Assets to reduce memory usage. Loaded Objects now: 1873.
Total: 3.240900 ms (FindLiveObjects: 0.333900 ms CreateObjectMapping: 0.035000 ms MarkObjects: 2.849100 ms  DeleteObjects: 0.021100 ms)

========================================================================
Received Prepare
Registering precompiled user dll's ...
Registered in 0.000776 seconds.
Begin MonoManager ReloadAssembly
Native extension for WindowsStandalone target not found
Refreshing native plugins compatible for Editor in 0.41 ms, found 0 plugins.
Preloading 0 native plugins for Editor in 0.00 ms.
Invoked RoslynAnalysisRunner static constructor.
RoslynAnalysisRunner will not be running.
RoslynAnalysisRunner has terminated.
Mono: successfully reloaded assembly
- Completed reload, in  0.814 seconds
Platform modules already initialized, skipping
Refreshing native plugins compatible for Editor in 0.31 ms, found 0 plugins.
Preloading 0 native plugins for Editor in 0.00 ms.
Unloading 1396 Unused Serialized files (Serialized files now loaded: 0)
System memory in use before: 68.9 MB.
System memory in use after: 69.1 MB.

Unloading 4 unused Assets to reduce memory usage. Loaded Objects now: 1875.
Total: 2.114300 ms (FindLiveObjects: 0.209100 ms CreateObjectMapping: 0.033800 ms MarkObjects: 1.851400 ms  DeleteObjects: 0.018500 ms)

========================================================================
Received Prepare
Registering precompiled user dll's ...
Registered in 0.000770 seconds.
Begin MonoManager ReloadAssembly
Native extension for WindowsStandalone target not found
Refreshing native plugins compatible for Editor in 0.31 ms, found 0 plugins.
Preloading 0 native plugins for Editor in 0.00 ms.
Invoked RoslynAnalysisRunner static constructor.
RoslynAnalysisRunner will not be running.
RoslynAnalysisRunner has terminated.
Mono: successfully reloaded assembly
- Completed reload, in  0.765 seconds
Platform modules already initialized, skipping
Refreshing native plugins compatible for Editor in 0.30 ms, found 0 plugins.
Preloading 0 native plugins for Editor in 0.00 ms.
Unloading 1396 Unused Serialized files (Serialized files now loaded: 0)
System memory in use before: 69.1 MB.
System memory in use after: 69.2 MB.

Unloading 4 unused Assets to reduce memory usage. Loaded Objects now: 1877.
Total: 2.113800 ms (FindLiveObjects: 0.241000 ms CreateObjectMapping: 0.033200 ms MarkObjects: 1.741700 ms  DeleteObjects: 0.096900 ms)

========================================================================
Received Prepare
Registering precompiled user dll's ...
Registered in 0.000858 seconds.
Begin MonoManager ReloadAssembly
Native extension for WindowsStandalone target not found
Refreshing native plugins compatible for Editor in 0.43 ms, found 0 plugins.
Preloading 0 native plugins for Editor in 0.00 ms.
Invoked RoslynAnalysisRunner static constructor.
RoslynAnalysisRunner will not be running.
RoslynAnalysisRunner has terminated.
Mono: successfully reloaded assembly
- Completed reload, in  0.821 seconds
Platform modules already initialized, skipping
Refreshing native plugins compatible for Editor in 0.44 ms, found 0 plugins.
Preloading 0 native plugins for Editor in 0.00 ms.
Unloading 1396 Unused Serialized files (Serialized files now loaded: 0)
System memory in use before: 69.2 MB.
System memory in use after: 69.3 MB.

Unloading 4 unused Assets to reduce memory usage. Loaded Objects now: 1879.
Total: 2.197700 ms (FindLiveObjects: 0.255100 ms CreateObjectMapping: 0.033200 ms MarkObjects: 1.875800 ms  DeleteObjects: 0.031600 ms)

========================================================================
Received Prepare
Registering precompiled user dll's ...
Registered in 0.000967 seconds.
Begin MonoManager ReloadAssembly
Native extension for WindowsStandalone target not found
Refreshing native plugins compatible for Editor in 0.56 ms, found 0 plugins.
Preloading 0 native plugins for Editor in 0.00 ms.
Invoked RoslynAnalysisRunner static constructor.
RoslynAnalysisRunner will not be running.
RoslynAnalysisRunner has terminated.
Mono: successfully reloaded assembly
- Completed reload, in  0.799 seconds
Platform modules already initialized, skipping
Refreshing native plugins compatible for Editor in 0.60 ms, found 0 plugins.
Preloading 0 native plugins for Editor in 0.00 ms.
Unloading 1396 Unused Serialized files (Serialized files now loaded: 0)
System memory in use before: 69.3 MB.
System memory in use after: 69.4 MB.

Unloading 4 unused Assets to reduce memory usage. Loaded Objects now: 1881.
Total: 2.499400 ms (FindLiveObjects: 0.204100 ms CreateObjectMapping: 0.030800 ms MarkObjects: 2.042000 ms  DeleteObjects: 0.221400 ms)

========================================================================
Received Prepare
Registering precompiled user dll's ...
Registered in 0.000975 seconds.
Begin MonoManager ReloadAssembly
Native extension for WindowsStandalone target not found
Refreshing native plugins compatible for Editor in 0.33 ms, found 0 plugins.
Preloading 0 native plugins for Editor in 0.00 ms.
Invoked RoslynAnalysisRunner static constructor.
RoslynAnalysisRunner will not be running.
RoslynAnalysisRunner has terminated.
Mono: successfully reloaded assembly
- Completed reload, in  0.809 seconds
Platform modules already initialized, skipping
Refreshing native plugins compatible for Editor in 0.34 ms, found 0 plugins.
Preloading 0 native plugins for Editor in 0.00 ms.
Unloading 1396 Unused Serialized files (Serialized files now loaded: 0)
System memory in use before: 69.3 MB.
System memory in use after: 69.4 MB.

Unloading 4 unused Assets to reduce memory usage. Loaded Objects now: 1883.
Total: 1.883900 ms (FindLiveObjects: 0.191100 ms CreateObjectMapping: 0.029700 ms MarkObjects: 1.644400 ms  DeleteObjects: 0.017700 ms)

========================================================================
Received Prepare
Registering precompiled user dll's ...
Registered in 0.000851 seconds.
Begin MonoManager ReloadAssembly
Native extension for WindowsStandalone target not found
Refreshing native plugins compatible for Editor in 0.45 ms, found 0 plugins.
Preloading 0 native plugins for Editor in 0.00 ms.
Invoked RoslynAnalysisRunner static constructor.
RoslynAnalysisRunner will not be running.
RoslynAnalysisRunner has terminated.
Mono: successfully reloaded assembly
- Completed reload, in  0.805 seconds
Platform modules already initialized, skipping
Refreshing native plugins compatible for Editor in 0.32 ms, found 0 plugins.
Preloading 0 native plugins for Editor in 0.00 ms.
Unloading 1396 Unused Serialized files (Serialized files now loaded: 0)
System memory in use before: 68.5 MB.
System memory in use after: 68.6 MB.

Unloading 4 unused Assets to reduce memory usage. Loaded Objects now: 1885.
Total: 2.457900 ms (FindLiveObjects: 0.557400 ms CreateObjectMapping: 0.052000 ms MarkObjects: 1.824500 ms  DeleteObjects: 0.022200 ms)

========================================================================
Received Prepare
Registering precompiled user dll's ...
Registered in 0.000898 seconds.
Begin MonoManager ReloadAssembly
Native extension for WindowsStandalone target not found
Refreshing native plugins compatible for Editor in 0.29 ms, found 0 plugins.
Preloading 0 native plugins for Editor in 0.00 ms.
Invoked RoslynAnalysisRunner static constructor.
RoslynAnalysisRunner will not be running.
RoslynAnalysisRunner has terminated.
Mono: successfully reloaded assembly
- Completed reload, in  0.718 seconds
Platform modules already initialized, skipping
Refreshing native plugins compatible for Editor in 0.31 ms, found 0 plugins.
Preloading 0 native plugins for Editor in 0.00 ms.
Unloading 1396 Unused Serialized files (Serialized files now loaded: 0)
System memory in use before: 68.6 MB.
System memory in use after: 68.7 MB.

Unloading 4 unused Assets to reduce memory usage. Loaded Objects now: 1887.
Total: 2.026500 ms (FindLiveObjects: 0.265200 ms CreateObjectMapping: 0.043400 ms MarkObjects: 1.697300 ms  DeleteObjects: 0.019300 ms)

========================================================================
Received Prepare
Registering precompiled user dll's ...
Registered in 0.000779 seconds.
Begin MonoManager ReloadAssembly
Native extension for WindowsStandalone target not found
Refreshing native plugins compatible for Editor in 0.33 ms, found 0 plugins.
Preloading 0 native plugins for Editor in 0.00 ms.
Invoked RoslynAnalysisRunner static constructor.
RoslynAnalysisRunner will not be running.
RoslynAnalysisRunner has terminated.
Mono: successfully reloaded assembly
- Completed reload, in  0.742 seconds
Platform modules already initialized, skipping
Refreshing native plugins compatible for Editor in 0.29 ms, found 0 plugins.
Preloading 0 native plugins for Editor in 0.00 ms.
Unloading 1396 Unused Serialized files (Serialized files now loaded: 0)
System memory in use before: 68.8 MB.
System memory in use after: 68.9 MB.

Unloading 4 unused Assets to reduce memory usage. Loaded Objects now: 1889.
Total: 2.265200 ms (FindLiveObjects: 0.238000 ms CreateObjectMapping: 0.044000 ms MarkObjects: 1.967200 ms  DeleteObjects: 0.015100 ms)

========================================================================
Received Prepare
Registering precompiled user dll's ...
Registered in 0.000611 seconds.
Begin MonoManager ReloadAssembly
Native extension for WindowsStandalone target not found
Refreshing native plugins compatible for Editor in 0.31 ms, found 0 plugins.
Preloading 0 native plugins for Editor in 0.00 ms.
Invoked RoslynAnalysisRunner static constructor.
RoslynAnalysisRunner will not be running.
RoslynAnalysisRunner has terminated.
Mono: successfully reloaded assembly
- Completed reload, in  0.720 seconds
Platform modules already initialized, skipping
Refreshing native plugins compatible for Editor in 0.35 ms, found 0 plugins.
Preloading 0 native plugins for Editor in 0.00 ms.
Unloading 1396 Unused Serialized files (Serialized files now loaded: 0)
System memory in use before: 68.9 MB.
System memory in use after: 69.0 MB.

Unloading 4 unused Assets to reduce memory usage. Loaded Objects now: 1891.
Total: 2.375200 ms (FindLiveObjects: 0.287700 ms CreateObjectMapping: 0.031500 ms MarkObjects: 2.024400 ms  DeleteObjects: 0.029500 ms)

========================================================================
Received Prepare
Registering precompiled user dll's ...
Registered in 0.000893 seconds.
Begin MonoManager ReloadAssembly
Native extension for WindowsStandalone target not found
Refreshing native plugins compatible for Editor in 0.34 ms, found 0 plugins.
Preloading 0 native plugins for Editor in 0.00 ms.
Invoked RoslynAnalysisRunner static constructor.
RoslynAnalysisRunner will not be running.
RoslynAnalysisRunner has terminated.
Mono: successfully reloaded assembly
- Completed reload, in  0.861 seconds
Platform modules already initialized, skipping
Refreshing native plugins compatible for Editor in 0.63 ms, found 0 plugins.
Preloading 0 native plugins for Editor in 0.00 ms.
Unloading 1396 Unused Serialized files (Serialized files now loaded: 0)
System memory in use before: 69.0 MB.
System memory in use after: 69.1 MB.

Unloading 4 unused Assets to reduce memory usage. Loaded Objects now: 1893.
Total: 1.997200 ms (FindLiveObjects: 0.237400 ms CreateObjectMapping: 0.032900 ms MarkObjects: 1.711900 ms  DeleteObjects: 0.013200 ms)

========================================================================
Received Prepare
Registering precompiled user dll's ...
Registered in 0.000838 seconds.
Begin MonoManager ReloadAssembly
Native extension for WindowsStandalone target not found
Refreshing native plugins compatible for Editor in 0.33 ms, found 0 plugins.
Preloading 0 native plugins for Editor in 0.00 ms.
Invoked RoslynAnalysisRunner static constructor.
RoslynAnalysisRunner will not be running.
RoslynAnalysisRunner has terminated.
Mono: successfully reloaded assembly
- Completed reload, in  0.749 seconds
Platform modules already initialized, skipping
Refreshing native plugins compatible for Editor in 0.33 ms, found 0 plugins.
Preloading 0 native plugins for Editor in 0.00 ms.
Unloading 1396 Unused Serialized files (Serialized files now loaded: 0)
System memory in use before: 69.1 MB.
System memory in use after: 69.2 MB.

Unloading 4 unused Assets to reduce memory usage. Loaded Objects now: 1895.
Total: 1.968400 ms (FindLiveObjects: 0.224100 ms CreateObjectMapping: 0.031500 ms MarkObjects: 1.696600 ms  DeleteObjects: 0.015200 ms)

========================================================================
Received Prepare
Registering precompiled user dll's ...
Registered in 0.000682 seconds.
Begin MonoManager ReloadAssembly
Native extension for WindowsStandalone target not found
Refreshing native plugins compatible for Editor in 0.32 ms, found 0 plugins.
Preloading 0 native plugins for Editor in 0.00 ms.
Invoked RoslynAnalysisRunner static constructor.
RoslynAnalysisRunner will not be running.
RoslynAnalysisRunner has terminated.
Mono: successfully reloaded assembly
- Completed reload, in  0.728 seconds
Platform modules already initialized, skipping
Refreshing native plugins compatible for Editor in 0.29 ms, found 0 plugins.
Preloading 0 native plugins for Editor in 0.00 ms.
Unloading 1396 Unused Serialized files (Serialized files now loaded: 0)
System memory in use before: 69.2 MB.
System memory in use after: 69.3 MB.

Unloading 4 unused Assets to reduce memory usage. Loaded Objects now: 1897.
Total: 1.945700 ms (FindLiveObjects: 0.236400 ms CreateObjectMapping: 0.031700 ms MarkObjects: 1.657700 ms  DeleteObjects: 0.018800 ms)

========================================================================
Received Prepare
Registering precompiled user dll's ...
Registered in 0.000790 seconds.
Begin MonoManager ReloadAssembly
Native extension for WindowsStandalone target not found
Refreshing native plugins compatible for Editor in 0.31 ms, found 0 plugins.
Preloading 0 native plugins for Editor in 0.00 ms.
Invoked RoslynAnalysisRunner static constructor.
RoslynAnalysisRunner will not be running.
RoslynAnalysisRunner has terminated.
Mono: successfully reloaded assembly
- Completed reload, in  0.846 seconds
Platform modules already initialized, skipping
Refreshing native plugins compatible for Editor in 0.35 ms, found 0 plugins.
Preloading 0 native plugins for Editor in 0.00 ms.
Unloading 1396 Unused Serialized files (Serialized files now loaded: 0)
System memory in use before: 69.3 MB.
System memory in use after: 69.4 MB.

Unloading 4 unused Assets to reduce memory usage. Loaded Objects now: 1899.
Total: 2.426500 ms (FindLiveObjects: 0.274500 ms CreateObjectMapping: 0.058100 ms MarkObjects: 2.070900 ms  DeleteObjects: 0.021700 ms)

========================================================================
Received Import Request.
  Time since last request: 5676.480921 seconds.
  path: Assets/Models/Ibb.controller
  artifactKey: Guid(41dd8ac1dc4ed0c48a5778de9a3c2176) Importer(815301076,1909f56bfc062723c751e8b465ee728b)
Start importing Assets/Models/Ibb.controller using Guid(41dd8ac1dc4ed0c48a5778de9a3c2176) Importer(815301076,1909f56bfc062723c751e8b465ee728b)  -> (artifact id: '16f9ca0db77bce058eae4eed43d84fd2') in 0.021952 seconds
  Import took 0.025148 seconds .

========================================================================
Received Import Request.
  Time since last request: 1.916622 seconds.
  path: Assets/Models/Ibb 1.controller
  artifactKey: Guid(14bc5d6eca455b9428d14644f085f6ac) Importer(815301076,1909f56bfc062723c751e8b465ee728b)
Start importing Assets/Models/Ibb 1.controller using Guid(14bc5d6eca455b9428d14644f085f6ac) Importer(815301076,1909f56bfc062723c751e8b465ee728b)  -> (artifact id: '3d9ad52a20896bc0362e2d35a2f3c53e') in 0.011491 seconds
  Import took 0.014554 seconds .

========================================================================
Received Import Request.
  Time since last request: 0.000431 seconds.
  path: Assets/Models/Ibb 1.controller
  artifactKey: Guid(14bc5d6eca455b9428d14644f085f6ac) Importer(815301076,1909f56bfc062723c751e8b465ee728b)
Start importing Assets/Models/Ibb 1.controller using Guid(14bc5d6eca455b9428d14644f085f6ac) Importer(815301076,1909f56bfc062723c751e8b465ee728b)  -> (artifact id: '3d9ad52a20896bc0362e2d35a2f3c53e') in 0.008994 seconds
  Import took 0.011946 seconds .

========================================================================
Received Import Request.
  Time since last request: 2.379580 seconds.
  path: Assets/Models/Obb.controller
  artifactKey: Guid(14bc5d6eca455b9428d14644f085f6ac) Importer(815301076,1909f56bfc062723c751e8b465ee728b)
Start importing Assets/Models/Obb.controller using Guid(14bc5d6eca455b9428d14644f085f6ac) Importer(815301076,1909f56bfc062723c751e8b465ee728b)  -> (artifact id: '57f39c7fa73bc395ce58ca916bc03b0c') in 0.010951 seconds
  Import took 0.013975 seconds .

========================================================================
Received Import Request.
  Time since last request: 142.394871 seconds.
  path: Assets/Models/Obb.controller
  artifactKey: Guid(14bc5d6eca455b9428d14644f085f6ac) Importer(815301076,1909f56bfc062723c751e8b465ee728b)
Start importing Assets/Models/Obb.controller using Guid(14bc5d6eca455b9428d14644f085f6ac) Importer(815301076,1909f56bfc062723c751e8b465ee728b)  -> (artifact id: '40a7338f8d9a47dc3a40363a400527d6') in 0.006778 seconds
  Import took 0.009778 seconds .

========================================================================
Received Prepare
Registering precompiled user dll's ...
Registered in 0.000787 seconds.
Begin MonoManager ReloadAssembly
Native extension for WindowsStandalone target not found
Refreshing native plugins compatible for Editor in 0.34 ms, found 0 plugins.
Preloading 0 native plugins for Editor in 0.00 ms.
Invoked RoslynAnalysisRunner static constructor.
RoslynAnalysisRunner will not be running.
RoslynAnalysisRunner has terminated.
Mono: successfully reloaded assembly
- Completed reload, in  0.795 seconds
Platform modules already initialized, skipping
Refreshing native plugins compatible for Editor in 0.71 ms, found 0 plugins.
Preloading 0 native plugins for Editor in 0.00 ms.
Unloading 1396 Unused Serialized files (Serialized files now loaded: 0)
System memory in use before: 69.4 MB.
System memory in use after: 69.5 MB.

Unloading 4 unused Assets to reduce memory usage. Loaded Objects now: 1901.
Total: 1.772200 ms (FindLiveObjects: 0.205700 ms CreateObjectMapping: 0.030700 ms MarkObjects: 1.522200 ms  DeleteObjects: 0.012500 ms)

========================================================================
Received Prepare
Registering precompiled user dll's ...
Registered in 0.000773 seconds.
Begin MonoManager ReloadAssembly
Native extension for WindowsStandalone target not found
Refreshing native plugins compatible for Editor in 0.42 ms, found 0 plugins.
Preloading 0 native plugins for Editor in 0.00 ms.
Invoked RoslynAnalysisRunner static constructor.
RoslynAnalysisRunner will not be running.
RoslynAnalysisRunner has terminated.
Mono: successfully reloaded assembly
- Completed reload, in  0.735 seconds
Platform modules already initialized, skipping
Refreshing native plugins compatible for Editor in 0.32 ms, found 0 plugins.
Preloading 0 native plugins for Editor in 0.00 ms.
Unloading 1396 Unused Serialized files (Serialized files now loaded: 0)
System memory in use before: 68.6 MB.
System memory in use after: 68.7 MB.

Unloading 4 unused Assets to reduce memory usage. Loaded Objects now: 1903.
Total: 2.290700 ms (FindLiveObjects: 0.345800 ms CreateObjectMapping: 0.045700 ms MarkObjects: 1.881000 ms  DeleteObjects: 0.017000 ms)

========================================================================
Received Prepare
Registering precompiled user dll's ...
Registered in 0.000766 seconds.
Begin MonoManager ReloadAssembly
Native extension for WindowsStandalone target not found
Refreshing native plugins compatible for Editor in 0.67 ms, found 0 plugins.
Preloading 0 native plugins for Editor in 0.00 ms.
Invoked RoslynAnalysisRunner static constructor.
RoslynAnalysisRunner will not be running.
RoslynAnalysisRunner has terminated.
Mono: successfully reloaded assembly
- Completed reload, in  0.736 seconds
Platform modules already initialized, skipping
Refreshing native plugins compatible for Editor in 0.50 ms, found 0 plugins.
Preloading 0 native plugins for Editor in 0.00 ms.
Unloading 1396 Unused Serialized files (Serialized files now loaded: 0)
System memory in use before: 68.7 MB.
System memory in use after: 68.8 MB.

Unloading 4 unused Assets to reduce memory usage. Loaded Objects now: 1905.
Total: 2.238200 ms (FindLiveObjects: 0.200900 ms CreateObjectMapping: 0.030300 ms MarkObjects: 1.984500 ms  DeleteObjects: 0.021000 ms)

========================================================================
Received Prepare
Registering precompiled user dll's ...
Registered in 0.000943 seconds.
Begin MonoManager ReloadAssembly
Native extension for WindowsStandalone target not found
Refreshing native plugins compatible for Editor in 0.29 ms, found 0 plugins.
Preloading 0 native plugins for Editor in 0.00 ms.
Invoked RoslynAnalysisRunner static constructor.
RoslynAnalysisRunner will not be running.
RoslynAnalysisRunner has terminated.
Mono: successfully reloaded assembly
- Completed reload, in  0.743 seconds
Platform modules already initialized, skipping
Refreshing native plugins compatible for Editor in 0.39 ms, found 0 plugins.
Preloading 0 native plugins for Editor in 0.00 ms.
Unloading 1396 Unused Serialized files (Serialized files now loaded: 0)
System memory in use before: 68.8 MB.
System memory in use after: 68.9 MB.

Unloading 4 unused Assets to reduce memory usage. Loaded Objects now: 1907.
Total: 1.926800 ms (FindLiveObjects: 0.218600 ms CreateObjectMapping: 0.030700 ms MarkObjects: 1.658800 ms  DeleteObjects: 0.017300 ms)

========================================================================
Received Prepare
Registering precompiled user dll's ...
Registered in 0.000751 seconds.
Begin MonoManager ReloadAssembly
Native extension for WindowsStandalone target not found
Refreshing native plugins compatible for Editor in 0.75 ms, found 0 plugins.
Preloading 0 native plugins for Editor in 0.00 ms.
Invoked RoslynAnalysisRunner static constructor.
RoslynAnalysisRunner will not be running.
RoslynAnalysisRunner has terminated.
Mono: successfully reloaded assembly
- Completed reload, in  0.734 seconds
Platform modules already initialized, skipping
Refreshing native plugins compatible for Editor in 0.33 ms, found 0 plugins.
Preloading 0 native plugins for Editor in 0.00 ms.
Unloading 1396 Unused Serialized files (Serialized files now loaded: 0)
System memory in use before: 68.9 MB.
System memory in use after: 69.0 MB.

Unloading 4 unused Assets to reduce memory usage. Loaded Objects now: 1909.
Total: 1.868600 ms (FindLiveObjects: 0.192600 ms CreateObjectMapping: 0.030200 ms MarkObjects: 1.630900 ms  DeleteObjects: 0.013800 ms)

========================================================================
Received Import Request.
  Time since last request: 317.890984 seconds.
  path: Assets/Models/Obb.controller
  artifactKey: Guid(14bc5d6eca455b9428d14644f085f6ac) Importer(815301076,1909f56bfc062723c751e8b465ee728b)
Start importing Assets/Models/Obb.controller using Guid(14bc5d6eca455b9428d14644f085f6ac) Importer(815301076,1909f56bfc062723c751e8b465ee728b)  -> (artifact id: 'e8343de050f61621ce6d489ec90a359e') in 0.014990 seconds
  Import took 0.019080 seconds .

========================================================================
Received Prepare
Registering precompiled user dll's ...
Registered in 0.000580 seconds.
Begin MonoManager ReloadAssembly
Native extension for WindowsStandalone target not found
Refreshing native plugins compatible for Editor in 0.31 ms, found 0 plugins.
Preloading 0 native plugins for Editor in 0.00 ms.
Invoked RoslynAnalysisRunner static constructor.
RoslynAnalysisRunner will not be running.
RoslynAnalysisRunner has terminated.
Mono: successfully reloaded assembly
- Completed reload, in  0.753 seconds
Platform modules already initialized, skipping
Refreshing native plugins compatible for Editor in 0.31 ms, found 0 plugins.
Preloading 0 native plugins for Editor in 0.00 ms.
Unloading 1396 Unused Serialized files (Serialized files now loaded: 0)
System memory in use before: 69.0 MB.
System memory in use after: 69.1 MB.

Unloading 4 unused Assets to reduce memory usage. Loaded Objects now: 1911.
Total: 1.849600 ms (FindLiveObjects: 0.192900 ms CreateObjectMapping: 0.029600 ms MarkObjects: 1.611000 ms  DeleteObjects: 0.015400 ms)

========================================================================
Received Import Request.
  Time since last request: 98.242258 seconds.
  path: Assets/Models/Obb.controller
  artifactKey: Guid(14bc5d6eca455b9428d14644f085f6ac) Importer(815301076,1909f56bfc062723c751e8b465ee728b)
Start importing Assets/Models/Obb.controller using Guid(14bc5d6eca455b9428d14644f085f6ac) Importer(815301076,1909f56bfc062723c751e8b465ee728b)  -> (artifact id: '4695b5202d8bc1bd79ce64b065460c95') in 0.016812 seconds
  Import took 0.019848 seconds .

========================================================================
Received Prepare
Registering precompiled user dll's ...
Registered in 0.000578 seconds.
Begin MonoManager ReloadAssembly
Native extension for WindowsStandalone target not found
Refreshing native plugins compatible for Editor in 0.31 ms, found 0 plugins.
Preloading 0 native plugins for Editor in 0.00 ms.
Invoked RoslynAnalysisRunner static constructor.
RoslynAnalysisRunner will not be running.
RoslynAnalysisRunner has terminated.
Mono: successfully reloaded assembly
- Completed reload, in  0.715 seconds
Platform modules already initialized, skipping
Refreshing native plugins compatible for Editor in 0.32 ms, found 0 plugins.
Preloading 0 native plugins for Editor in 0.00 ms.
Unloading 1396 Unused Serialized files (Serialized files now loaded: 0)
System memory in use before: 69.2 MB.
System memory in use after: 69.3 MB.

Unloading 4 unused Assets to reduce memory usage. Loaded Objects now: 1913.
Total: 1.968300 ms (FindLiveObjects: 0.193400 ms CreateObjectMapping: 0.030000 ms MarkObjects: 1.727500 ms  DeleteObjects: 0.016300 ms)

========================================================================
Received Prepare
Registering precompiled user dll's ...
Registered in 0.001005 seconds.
Begin MonoManager ReloadAssembly
Native extension for WindowsStandalone target not found
Refreshing native plugins compatible for Editor in 0.43 ms, found 0 plugins.
Preloading 0 native plugins for Editor in 0.00 ms.
Invoked RoslynAnalysisRunner static constructor.
RoslynAnalysisRunner will not be running.
RoslynAnalysisRunner has terminated.
Mono: successfully reloaded assembly
- Completed reload, in  0.740 seconds
Platform modules already initialized, skipping
Refreshing native plugins compatible for Editor in 0.44 ms, found 0 plugins.
Preloading 0 native plugins for Editor in 0.00 ms.
Unloading 1396 Unused Serialized files (Serialized files now loaded: 0)
System memory in use before: 69.3 MB.
System memory in use after: 69.4 MB.

Unloading 4 unused Assets to reduce memory usage. Loaded Objects now: 1915.
Total: 1.743200 ms (FindLiveObjects: 0.191800 ms CreateObjectMapping: 0.030800 ms MarkObjects: 1.507500 ms  DeleteObjects: 0.012200 ms)

========================================================================
Received Prepare
Registering precompiled user dll's ...
Registered in 0.000710 seconds.
Begin MonoManager ReloadAssembly
Native extension for WindowsStandalone target not found
Refreshing native plugins compatible for Editor in 0.30 ms, found 0 plugins.
Preloading 0 native plugins for Editor in 0.00 ms.
Invoked RoslynAnalysisRunner static constructor.
RoslynAnalysisRunner will not be running.
RoslynAnalysisRunner has terminated.
Mono: successfully reloaded assembly
- Completed reload, in  0.749 seconds
Platform modules already initialized, skipping
Refreshing native plugins compatible for Editor in 0.33 ms, found 0 plugins.
Preloading 0 native plugins for Editor in 0.00 ms.
Unloading 1396 Unused Serialized files (Serialized files now loaded: 0)
System memory in use before: 69.4 MB.
System memory in use after: 69.5 MB.

Unloading 4 unused Assets to reduce memory usage. Loaded Objects now: 1917.
Total: 1.748000 ms (FindLiveObjects: 0.194700 ms CreateObjectMapping: 0.029900 ms MarkObjects: 1.510100 ms  DeleteObjects: 0.012400 ms)

========================================================================
Received Import Request.
  Time since last request: 354.304112 seconds.
  path: Assets/Models/Obb.controller
  artifactKey: Guid(14bc5d6eca455b9428d14644f085f6ac) Importer(815301076,1909f56bfc062723c751e8b465ee728b)
Start importing Assets/Models/Obb.controller using Guid(14bc5d6eca455b9428d14644f085f6ac) Importer(815301076,1909f56bfc062723c751e8b465ee728b)  -> (artifact id: '1faf8c21d395832a87fe1aafe152ed2f') in 0.015787 seconds
  Import took 0.032748 seconds .

========================================================================
Received Import Request.
  Time since last request: 5.310430 seconds.
  path: Assets/Models/Ibb.controller
  artifactKey: Guid(41dd8ac1dc4ed0c48a5778de9a3c2176) Importer(815301076,1909f56bfc062723c751e8b465ee728b)
Start importing Assets/Models/Ibb.controller using Guid(41dd8ac1dc4ed0c48a5778de9a3c2176) Importer(815301076,1909f56bfc062723c751e8b465ee728b)  -> (artifact id: 'c4ccf139b38348a40eef16231378b926') in 0.005614 seconds
  Import took 0.008839 seconds .

========================================================================
Received Prepare
Registering precompiled user dll's ...
Registered in 0.000697 seconds.
Begin MonoManager ReloadAssembly
Native extension for WindowsStandalone target not found
Refreshing native plugins compatible for Editor in 0.44 ms, found 0 plugins.
Preloading 0 native plugins for Editor in 0.00 ms.
Invoked RoslynAnalysisRunner static constructor.
RoslynAnalysisRunner will not be running.
RoslynAnalysisRunner has terminated.
Mono: successfully reloaded assembly
- Completed reload, in  0.725 seconds
Platform modules already initialized, skipping
Refreshing native plugins compatible for Editor in 0.31 ms, found 0 plugins.
Preloading 0 native plugins for Editor in 0.00 ms.
Unloading 1396 Unused Serialized files (Serialized files now loaded: 0)
System memory in use before: 69.4 MB.
System memory in use after: 69.5 MB.

Unloading 4 unused Assets to reduce memory usage. Loaded Objects now: 1919.
Total: 2.850400 ms (FindLiveObjects: 0.204700 ms CreateObjectMapping: 0.030500 ms MarkObjects: 2.587900 ms  DeleteObjects: 0.025900 ms)

========================================================================
Received Import Request.
  Time since last request: 220.420646 seconds.
  path: Assets/Prefab
  artifactKey: Guid(d2f8d8d959c75fb468e5f29bbf027d83) Importer(815301076,1909f56bfc062723c751e8b465ee728b)
Start importing Assets/Prefab using Guid(d2f8d8d959c75fb468e5f29bbf027d83) Importer(815301076,1909f56bfc062723c751e8b465ee728b)  -> (artifact id: '24297037429aac3cd5f45ac70bc31d84') in 0.010702 seconds
  Import took 0.013538 seconds .

========================================================================
Received Import Request.
  Time since last request: 3.634737 seconds.
  path: Assets/Prefabs
  artifactKey: Guid(d2f8d8d959c75fb468e5f29bbf027d83) Importer(815301076,1909f56bfc062723c751e8b465ee728b)
Start importing Assets/Prefabs using Guid(d2f8d8d959c75fb468e5f29bbf027d83) Importer(815301076,1909f56bfc062723c751e8b465ee728b)  -> (artifact id: 'a352e22f701e6a5837decf6ac0a9607a') in 0.009176 seconds
  Import took 0.011705 seconds .

========================================================================
Received Import Request.
  Time since last request: 9.799002 seconds.
  path: Assets/Prefabs/obb Variant.prefab
  artifactKey: Guid(67abc59212dae5d43b638b5a8ec3cee3) Importer(815301076,1909f56bfc062723c751e8b465ee728b)
Start importing Assets/Prefabs/obb Variant.prefab using Guid(67abc59212dae5d43b638b5a8ec3cee3) Importer(815301076,1909f56bfc062723c751e8b465ee728b)  -> (artifact id: '352555f327a0788cf31e3691624c32fe') in 0.120816 seconds
  Import took 0.124316 seconds .

========================================================================
Received Import Request.
  Time since last request: 3.120463 seconds.
  path: Assets/Prefabs/ibb Variant.prefab
  artifactKey: Guid(891a3a785a46866479fc119e3f38e4d8) Importer(815301076,1909f56bfc062723c751e8b465ee728b)
Start importing Assets/Prefabs/ibb Variant.prefab using Guid(891a3a785a46866479fc119e3f38e4d8) Importer(815301076,1909f56bfc062723c751e8b465ee728b)  -> (artifact id: '07593c610fe914f6b69ca745a51573a4') in 0.029542 seconds
  Import took 0.032729 seconds .

========================================================================
Received Import Request.
  Time since last request: 3.072160 seconds.
  path: Assets/Prefabs/Enemy.prefab
  artifactKey: Guid(06ccf732bc0bf4042b44d77963b6240a) Importer(815301076,1909f56bfc062723c751e8b465ee728b)
Start importing Assets/Prefabs/Enemy.prefab using Guid(06ccf732bc0bf4042b44d77963b6240a) Importer(815301076,1909f56bfc062723c751e8b465ee728b)  -> (artifact id: 'f5e080fa87cb5ebcf176785147888bed') in 0.018701 seconds
  Import took 0.022310 seconds .

========================================================================
Received Import Request.
  Time since last request: 40.276492 seconds.
  path: Assets/Prefabs/Enemy_Jumping.prefab
  artifactKey: Guid(7996806284a0dc64b90fcbfcf14a6c7a) Importer(815301076,1909f56bfc062723c751e8b465ee728b)
Start importing Assets/Prefabs/Enemy_Jumping.prefab using Guid(7996806284a0dc64b90fcbfcf14a6c7a) Importer(815301076,1909f56bfc062723c751e8b465ee728b)  -> (artifact id: 'ed23d536e452f19212f5c45a055d2ee6') in 0.015098 seconds
  Import took 0.017883 seconds .

========================================================================
Received Import Request.
  Time since last request: 0.000524 seconds.
  path: Assets/Prefabs/Enemy_Jumping.prefab
  artifactKey: Guid(7996806284a0dc64b90fcbfcf14a6c7a) Importer(815301076,1909f56bfc062723c751e8b465ee728b)
Start importing Assets/Prefabs/Enemy_Jumping.prefab using Guid(7996806284a0dc64b90fcbfcf14a6c7a) Importer(815301076,1909f56bfc062723c751e8b465ee728b)  -> (artifact id: 'ed23d536e452f19212f5c45a055d2ee6') in 0.010363 seconds
  Import took 0.013050 seconds .

========================================================================
Received Import Request.
  Time since last request: 5.881868 seconds.
  path: Assets/Prefabs/Enemy_Crawling.prefab
  artifactKey: Guid(68ef1a75f63ae2747bb11aa63c187439) Importer(815301076,1909f56bfc062723c751e8b465ee728b)
Start importing Assets/Prefabs/Enemy_Crawling.prefab using Guid(68ef1a75f63ae2747bb11aa63c187439) Importer(815301076,1909f56bfc062723c751e8b465ee728b)  -> (artifact id: 'dfa6c88459d7152a900c8ecc7f1cccea') in 0.012441 seconds
  Import took 0.015897 seconds .

========================================================================
Received Import Request.
  Time since last request: 0.003468 seconds.
  path: Assets/Prefabs/Enemy_Crawling.prefab
  artifactKey: Guid(68ef1a75f63ae2747bb11aa63c187439) Importer(815301076,1909f56bfc062723c751e8b465ee728b)
Start importing Assets/Prefabs/Enemy_Crawling.prefab using Guid(68ef1a75f63ae2747bb11aa63c187439) Importer(815301076,1909f56bfc062723c751e8b465ee728b)  -> (artifact id: 'dfa6c88459d7152a900c8ecc7f1cccea') in 0.008182 seconds
  Import took 0.011421 seconds .

========================================================================
Received Import Request.
  Time since last request: 16.557501 seconds.
  path: Assets/Prefabs/GravitySwitch.prefab
  artifactKey: Guid(42d6d54cd5b2d00429386507f7dace6b) Importer(815301076,1909f56bfc062723c751e8b465ee728b)
Start importing Assets/Prefabs/GravitySwitch.prefab using Guid(42d6d54cd5b2d00429386507f7dace6b) Importer(815301076,1909f56bfc062723c751e8b465ee728b)  -> (artifact id: '2193bd39b7a49c2701fd55f1b2816cdd') in 0.020067 seconds
  Import took 0.022760 seconds .

AssetImportWorkerClient::OnTransportError - code=2 error=End of file
